2024-10-22T04:05:54.058Z P:293 T:293] SyncServiceImpl::ResetEngine,Reset engine with reason: 8
2024-10-22T04:05:54.058Z P:293 T:293] ModelLoadManager::Stop,Stopped: Bookmarks
2024-10-22T04:05:54.058Z P:293 T:293] ModelLoadManager::Stop,Stopped: Preferences
2024-10-22T04:05:54.058Z P:293 T:293] ModelLoadManager::Stop,Stopped: Passwords
2024-10-22T04:05:54.058Z P:293 T:293] ModelLoadManager::Stop,Stopped: Autofill Profiles
2024-10-22T04:05:54.058Z P:293 T:293] ModelLoadManager::Stop,Stopped: Autofill
2024-10-22T04:05:54.058Z P:293 T:293] ModelLoadManager::Stop,Stopped: Typed URLs
2024-10-22T04:05:54.058Z P:293 T:293] ModelLoadManager::Stop,Stopped: Extensions
2024-10-22T04:05:54.058Z P:293 T:293] ModelLoadManager::Stop,Stopped: Sessions
2024-10-22T04:05:54.058Z P:293 T:293] ModelLoadManager::Stop,Stopped: Extension settings
2024-10-22T04:05:54.058Z P:293 T:293] ModelLoadManager::Stop,Stopped: History Delete Directives
2024-10-22T04:05:54.058Z P:293 T:293] ModelLoadManager::Stop,Stopped: Device Info
2024-10-22T04:05:54.058Z P:293 T:293] ModelLoadManager::Stop,Stopped: User Consents
2024-10-22T04:05:54.058Z P:293 T:293] ModelLoadManager::Stop,Stopped: Send Tab To Self
2024-10-22T04:05:54.058Z P:293 T:293] ModelLoadManager::Stop,Stopped: Web Apps
2024-10-22T04:05:54.058Z P:293 T:293] ModelLoadManager::Stop,Stopped: History
2024-10-22T04:05:54.058Z P:293 T:293] ModelLoadManager::Stop,Stopped: Collection
2024-10-22T04:05:54.058Z P:293 T:293] ModelLoadManager::Stop,Stopped: Edge E Drop
2024-10-22T04:05:54.058Z P:293 T:293] ModelLoadManager::Stop,Stopped: Edge Hub App Usage
2024-10-22T04:05:54.058Z P:293 T:293] ModelLoadManager::Stop,Stopped: Edge Tab Group
2024-10-22T04:05:54.058Z P:293 T:293] ModelLoadManager::Stop,Stopped: Edge Wallet
2024-10-22T04:05:54.058Z P:293 T:293] SyncServiceImpl::Initialize,SyncState after authenticated was: NotSignedIn
2024-10-22T04:05:54.139Z P:293 T:293] SyncServiceImpl::ResetEngine,Reset engine with reason: 8
2024-10-22T04:05:54.139Z P:293 T:293] ModelLoadManager::Stop,Stopped: Bookmarks
2024-10-22T04:05:54.139Z P:293 T:293] ModelLoadManager::Stop,Stopped: Preferences
2024-10-22T04:05:54.139Z P:293 T:293] ModelLoadManager::Stop,Stopped: Passwords
2024-10-22T04:05:54.139Z P:293 T:293] ModelLoadManager::Stop,Stopped: Autofill Profiles
2024-10-22T04:05:54.139Z P:293 T:293] ModelLoadManager::Stop,Stopped: Autofill
2024-10-22T04:05:54.139Z P:293 T:293] ModelLoadManager::Stop,Stopped: Typed URLs
2024-10-22T04:05:54.139Z P:293 T:293] ModelLoadManager::Stop,Stopped: Extensions
2024-10-22T04:05:54.139Z P:293 T:293] ModelLoadManager::Stop,Stopped: Sessions
2024-10-22T04:05:54.139Z P:293 T:293] ModelLoadManager::Stop,Stopped: Extension settings
2024-10-22T04:05:54.139Z P:293 T:293] ModelLoadManager::Stop,Stopped: History Delete Directives
2024-10-22T04:05:54.139Z P:293 T:293] ModelLoadManager::Stop,Stopped: Device Info
2024-10-22T04:05:54.139Z P:293 T:293] ModelLoadManager::Stop,Stopped: User Consents
2024-10-22T04:05:54.139Z P:293 T:293] ModelLoadManager::Stop,Stopped: Send Tab To Self
2024-10-22T04:05:54.139Z P:293 T:293] ModelLoadManager::Stop,Stopped: Web Apps
2024-10-22T04:05:54.139Z P:293 T:293] ModelLoadManager::Stop,Stopped: History
2024-10-22T04:05:54.139Z P:293 T:293] ModelLoadManager::Stop,Stopped: Collection
2024-10-22T04:05:54.139Z P:293 T:293] ModelLoadManager::Stop,Stopped: Edge E Drop
2024-10-22T04:05:54.139Z P:293 T:293] ModelLoadManager::Stop,Stopped: Edge Hub App Usage
2024-10-22T04:05:54.139Z P:293 T:293] ModelLoadManager::Stop,Stopped: Edge Tab Group
2024-10-22T04:05:54.139Z P:293 T:293] ModelLoadManager::Stop,Stopped: Edge Wallet
2024-10-23T03:23:06.300Z P:279 T:279] SyncServiceImpl::ResetEngine,Reset engine with reason: 8
2024-10-23T03:23:06.300Z P:279 T:279] ModelLoadManager::Stop,Stopped: Bookmarks
2024-10-23T03:23:06.300Z P:279 T:279] ModelLoadManager::Stop,Stopped: Preferences
2024-10-23T03:23:06.300Z P:279 T:279] ModelLoadManager::Stop,Stopped: Passwords
2024-10-23T03:23:06.300Z P:279 T:279] ModelLoadManager::Stop,Stopped: Autofill Profiles
2024-10-23T03:23:06.300Z P:279 T:279] ModelLoadManager::Stop,Stopped: Autofill
2024-10-23T03:23:06.300Z P:279 T:279] ModelLoadManager::Stop,Stopped: Typed URLs
2024-10-23T03:23:06.300Z P:279 T:279] ModelLoadManager::Stop,Stopped: Extensions
2024-10-23T03:23:06.300Z P:279 T:279] ModelLoadManager::Stop,Stopped: Sessions
2024-10-23T03:23:06.300Z P:279 T:279] ModelLoadManager::Stop,Stopped: Extension settings
2024-10-23T03:23:06.300Z P:279 T:279] ModelLoadManager::Stop,Stopped: History Delete Directives
2024-10-23T03:23:06.300Z P:279 T:279] ModelLoadManager::Stop,Stopped: Device Info
2024-10-23T03:23:06.300Z P:279 T:279] ModelLoadManager::Stop,Stopped: User Consents
2024-10-23T03:23:06.300Z P:279 T:279] ModelLoadManager::Stop,Stopped: Send Tab To Self
2024-10-23T03:23:06.300Z P:279 T:279] ModelLoadManager::Stop,Stopped: Web Apps
2024-10-23T03:23:06.300Z P:279 T:279] ModelLoadManager::Stop,Stopped: History
2024-10-23T03:23:06.300Z P:279 T:279] ModelLoadManager::Stop,Stopped: Collection
2024-10-23T03:23:06.300Z P:279 T:279] ModelLoadManager::Stop,Stopped: Edge E Drop
2024-10-23T03:23:06.300Z P:279 T:279] ModelLoadManager::Stop,Stopped: Edge Hub App Usage
2024-10-23T03:23:06.300Z P:279 T:279] ModelLoadManager::Stop,Stopped: Edge Tab Group
2024-10-23T03:23:06.300Z P:279 T:279] ModelLoadManager::Stop,Stopped: Edge Wallet
2024-10-23T03:23:06.301Z P:279 T:279] SyncServiceImpl::Initialize,SyncState after authenticated was: NotSignedIn
2024-10-23T03:23:06.446Z P:279 T:279] SyncServiceImpl::ResetEngine,Reset engine with reason: 8
2024-10-23T03:23:06.446Z P:279 T:279] ModelLoadManager::Stop,Stopped: Bookmarks
2024-10-23T03:23:06.446Z P:279 T:279] ModelLoadManager::Stop,Stopped: Preferences
2024-10-23T03:23:06.446Z P:279 T:279] ModelLoadManager::Stop,Stopped: Passwords
2024-10-23T03:23:06.446Z P:279 T:279] ModelLoadManager::Stop,Stopped: Autofill Profiles
2024-10-23T03:23:06.446Z P:279 T:279] ModelLoadManager::Stop,Stopped: Autofill
2024-10-23T03:23:06.446Z P:279 T:279] ModelLoadManager::Stop,Stopped: Typed URLs
2024-10-23T03:23:06.446Z P:279 T:279] ModelLoadManager::Stop,Stopped: Extensions
2024-10-23T03:23:06.446Z P:279 T:279] ModelLoadManager::Stop,Stopped: Sessions
2024-10-23T03:23:06.446Z P:279 T:279] ModelLoadManager::Stop,Stopped: Extension settings
2024-10-23T03:23:06.446Z P:279 T:279] ModelLoadManager::Stop,Stopped: History Delete Directives
2024-10-23T03:23:06.446Z P:279 T:279] ModelLoadManager::Stop,Stopped: Device Info
2024-10-23T03:23:06.446Z P:279 T:279] ModelLoadManager::Stop,Stopped: User Consents
2024-10-23T03:23:06.446Z P:279 T:279] ModelLoadManager::Stop,Stopped: Send Tab To Self
2024-10-23T03:23:06.446Z P:279 T:279] ModelLoadManager::Stop,Stopped: Web Apps
2024-10-23T03:23:06.446Z P:279 T:279] ModelLoadManager::Stop,Stopped: History
2024-10-23T03:23:06.446Z P:279 T:279] ModelLoadManager::Stop,Stopped: Collection
2024-10-23T03:23:06.446Z P:279 T:279] ModelLoadManager::Stop,Stopped: Edge E Drop
2024-10-23T03:23:06.446Z P:279 T:279] ModelLoadManager::Stop,Stopped: Edge Hub App Usage
2024-10-23T03:23:06.446Z P:279 T:279] ModelLoadManager::Stop,Stopped: Edge Tab Group
2024-10-23T03:23:06.446Z P:279 T:279] ModelLoadManager::Stop,Stopped: Edge Wallet
